{
  "stats": {
    "suites": 1,
    "tests": 2,
    "passes": 2,
    "pending": 0,
    "failures": 0,
    "start": "2022-09-10T22:57:19.688Z",
    "end": "2022-09-10T22:57:20.598Z",
    "duration": 910,
    "testsRegistered": 2,
    "passPercent": 100,
    "pendingPercent": 0,
    "other": 0,
    "hasOther": false,
    "skipped": 0,
    "hasSkipped": false
  },
  "results": [
    {
      "uuid": "82c2b79e-3470-4eea-8658-c4ab5cf124c4",
      "title": "",
      "fullFile": "cypress/integration/2.login.spec.js",
      "file": "cypress/integration/2.login.spec.js",
      "beforeHooks": [],
      "afterHooks": [],
      "tests": [],
      "suites": [
        {
          "uuid": "27f725dc-8458-4136-b758-54d2807b2899",
          "title": "Casos de teste sobre a rota /login da API Serverest",
          "fullFile": "",
          "file": "",
          "beforeHooks": [],
          "afterHooks": [],
          "tests": [
            {
              "title": "Deve realizar login com suscesso",
              "fullTitle": "Casos de teste sobre a rota /login da API Serverest Deve realizar login com suscesso",
              "timedOut": null,
              "duration": 495,
              "state": "passed",
              "speed": "fast",
              "pass": true,
              "fail": false,
              "pending": false,
              "context": null,
              "code": "_serverest.default.buscarUsuariosParaLogin();\ncy.get('@usuarioLogin').then(usuario => {\n  _serverest.default.logar(usuario).then(res => {\n    _validaServerest.default.validaLoginComSucesso(res);\n    _serverest.default.salvarBearer(res);\n  });\n});",
              "err": {},
              "uuid": "34395c94-cf18-4a37-aeb3-6e250db3b188",
              "parentUUID": "27f725dc-8458-4136-b758-54d2807b2899",
              "isHook": false,
              "skipped": false
            },
            {
              "title": "Deve realizar login sem suscesso",
              "fullTitle": "Casos de teste sobre a rota /login da API Serverest Deve realizar login sem suscesso",
              "timedOut": null,
              "duration": 343,
              "state": "passed",
              "speed": "fast",
              "pass": true,
              "fail": false,
              "pending": false,
              "context": null,
              "code": "cy.loginSemSucesso().then(res => {\n  cy.contractValidation(res, \"get-login\", 401); //login com email e senha invalidos          \n  _validaServerest.default.validaLoginSemSucesso(res);\n});",
              "err": {},
              "uuid": "01301c5e-3aee-4811-aec8-56919a17cd3c",
              "parentUUID": "27f725dc-8458-4136-b758-54d2807b2899",
              "isHook": false,
              "skipped": false
            }
          ],
          "suites": [],
          "passes": [
            "34395c94-cf18-4a37-aeb3-6e250db3b188",
            "01301c5e-3aee-4811-aec8-56919a17cd3c"
          ],
          "failures": [],
          "pending": [],
          "skipped": [],
          "duration": 838,
          "root": false,
          "rootEmpty": false,
          "_timeout": 2000
        }
      ],
      "passes": [],
      "failures": [],
      "pending": [],
      "skipped": [],
      "duration": 0,
      "root": true,
      "rootEmpty": true,
      "_timeout": 2000
    }
  ],
  "meta": {
    "mocha": {
      "version": "7.0.1"
    },
    "mochawesome": {
      "options": {
        "quiet": false,
        "reportFilename": "mochawesome",
        "saveHtml": false,
        "saveJson": true,
        "consoleReporter": "spec",
        "useInlineDiffs": false,
        "code": true
      },
      "version": "7.1.3"
    },
    "marge": {
      "options": {
        "id": "default",
        "reportDir": "cypress/reports/mocha",
        "quite": true,
        "overwrite": false,
        "html": false,
        "json": true
      },
      "version": "6.2.0"
    }
  }
}